<?xml version="1.0" encoding="UTF-8"?>
<testsuite name="com.scholaros.homework.controller.HomeworkControllerTest" tests="2" skipped="0" failures="0" errors="0" timestamp="2026-09-01T06:06:47.457Z" hostname="LAPTOP-34LGPI5U" time="1.909">
  <properties/>
  <testcase name="POST /api/v1/homework/generate should generate AI homework" classname="com.scholaros.homework.controller.HomeworkControllerTest" time="0.085"/>
  <testcase name="POST /api/v1/homework/{id}/submit should submit homework" classname="com.scholaros.homework.controller.HomeworkControllerTest" time="0.04"/>
  <system-out><![CDATA[2026-09-01 11:36:47.461 [Test worker] INFO  o.s.t.c.s.AnnotationConfigContextLoaderUtils - Could not detect default configuration classes for test class [com.scholaros.homework.controller.HomeworkControllerTest]: HomeworkControllerTest does not declare any static, non-private, non-final, nested classes annotated with @Configuration.
2026-09-01 11:36:47.483 [Test worker] INFO  o.s.b.t.c.SpringBootTestContextBootstrapper - Found @SpringBootConfiguration com.scholaros.homework.ScholarosApplication for test class com.scholaros.homework.controller.HomeworkControllerTest

  .   ____          _            __ _ _
 /\\ / ___'_ __ _ _(_)_ __  __ _ \ \ \ \
( ( )\___ | '_ | '_| | '_ \/ _` | \ \ \ \
 \\/  ___)| |_)| | | | | || (_| |  ) ) ) )
  '  |____| .__|_| |_|_| |_\__, | / / / /
 =========|_|==============|___/=/_/_/_/

 :: Spring Boot ::                (v3.4.2)

2026-09-01 11:36:47.563 [Test worker] INFO  c.s.h.c.HomeworkControllerTest - Starting HomeworkControllerTest using Java 21.0.12 with PID 24184 (started by vamsh in C:\Users\vamsh\OneDrive\Desktop\SmartEducation\backend)
2026-09-01 11:36:47.564 [Test worker] DEBUG c.s.h.c.HomeworkControllerTest - Running with Spring Boot v3.4.2, Spring v6.2.2
2026-09-01 11:36:47.564 [Test worker] INFO  c.s.h.c.HomeworkControllerTest - The following 1 profile is active: "dev"
2026-09-01 11:36:48.932 [Test worker] WARN  o.s.b.a.s.s.UserDetailsServiceAutoConfiguration - 

Using generated security password: e610983d-eae0-42ad-9c40-af5dd7c71ad1

This generated password is for development use only. Your security configuration must be updated before running your application in production.

2026-09-01 11:36:48.935 [Test worker] INFO  o.s.s.c.a.a.c.InitializeUserDetailsBeanManagerConfigurer$InitializeUserDetailsManagerConfigurer - Global AuthenticationManager configured with UserDetailsService bean with name inMemoryUserDetailsManager
2026-09-01 11:36:49.211 [Test worker] DEBUG c.s.h.s.JwtAuthenticationFilter - Filter 'jwtAuthenticationFilter' configured for use
2026-09-01 11:36:49.212 [Test worker] INFO  o.s.b.t.m.w.SpringBootMockServletContext - Initializing Spring TestDispatcherServlet ''
2026-09-01 11:36:49.212 [Test worker] INFO  o.s.t.w.s.TestDispatcherServlet - Initializing Servlet ''
2026-09-01 11:36:49.214 [Test worker] INFO  o.s.t.w.s.TestDispatcherServlet - Completed initialization in 1 ms
2026-09-01 11:36:49.230 [Test worker] INFO  c.s.h.c.HomeworkControllerTest - Started HomeworkControllerTest in 1.739 seconds (process running for 54.232)
2026-09-01 11:36:49.288 [Test worker] INFO  c.s.h.controller.HomeworkController - REST request to generate homework for recommendation ID: 2566606f-454f-4a91-8006-29b0eb24fa1a
2026-09-01 11:36:49.351 [Test worker] INFO  c.s.h.controller.HomeworkController - REST request to submit homework ID: f81ce64a-3949-4d60-82e9-2083bc349fd4
]]></system-out>
  <system-err><![CDATA[]]></system-err>
</testsuite>
