<?xml version="1.0" encoding="UTF-8"?>
<testsuite name="com.scholaros.homework.service.AssessmentServiceTest" tests="3" skipped="0" failures="0" errors="0" timestamp="2026-09-01T06:06:55.163Z" hostname="LAPTOP-34LGPI5U" time="0.362">
  <properties/>
  <testcase name="Should create assessment for COMPLETED lesson session" classname="com.scholaros.homework.service.AssessmentServiceTest" time="0.341"/>
  <testcase name="Should throw ResourceNotFoundException when lesson session not found" classname="com.scholaros.homework.service.AssessmentServiceTest" time="0.012"/>
  <testcase name="Should throw BadRequestException when creating assessment for PLANNED lesson" classname="com.scholaros.homework.service.AssessmentServiceTest" time="0.006"/>
  <system-out><![CDATA[2026-09-01 11:36:55.337 [Test worker] INFO  c.s.h.service.AssessmentServiceImpl - Creating assessment for lessonSessionId: 945f174d-2eae-47e6-8882-06cacf6a66f7
2026-09-01 11:36:55.341 [Test worker] INFO  c.s.h.service.AssessmentServiceImpl - Assessment created successfully with ID: null
2026-09-01 11:36:55.513 [Test worker] INFO  c.s.h.service.AssessmentServiceImpl - Creating assessment for lessonSessionId: 758d39fe-b6c6-43d9-a5ff-eb41c175bf1d
2026-09-01 11:36:55.524 [Test worker] INFO  c.s.h.service.AssessmentServiceImpl - Creating assessment for lessonSessionId: a7323722-bf4e-41b4-b22b-07a5344bdbda
]]></system-out>
  <system-err><![CDATA[]]></system-err>
</testsuite>
