<?xml version="1.0" encoding="UTF-8"?>
<testsuite name="com.scholaros.homework.controller.LessonSessionControllerTest" tests="2" skipped="0" failures="0" errors="0" timestamp="2026-09-01T06:06:51.277Z" hostname="LAPTOP-34LGPI5U" time="1.534">
  <properties/>
  <testcase name="POST /api/v1/lessons should create lesson session" classname="com.scholaros.homework.controller.LessonSessionControllerTest" time="0.066"/>
  <testcase name="PATCH /api/v1/lessons/{id}/complete should mark lesson as COMPLETED" classname="com.scholaros.homework.controller.LessonSessionControllerTest" time="0.019"/>
  <system-out><![CDATA[2026-09-01 11:36:51.280 [Test worker] INFO  o.s.t.c.s.AnnotationConfigContextLoaderUtils - Could not detect default configuration classes for test class [com.scholaros.homework.controller.LessonSessionControllerTest]: LessonSessionControllerTest does not declare any static, non-private, non-final, nested classes annotated with @Configuration.
2026-09-01 11:36:51.316 [Test worker] INFO  o.s.b.t.c.SpringBootTestContextBootstrapper - Found @SpringBootConfiguration com.scholaros.homework.ScholarosApplication for test class com.scholaros.homework.controller.LessonSessionControllerTest

  .   ____          _            __ _ _
 /\\ / ___'_ __ _ _(_)_ __  __ _ \ \ \ \
( ( )\___ | '_ | '_| | '_ \/ _` | \ \ \ \
 \\/  ___)| |_)| | | | | || (_| |  ) ) ) )
  '  |____| .__|_| |_|_| |_\__, | / / / /
 =========|_|==============|___/=/_/_/_/

 :: Spring Boot ::                (v3.4.2)

2026-09-01 11:36:51.413 [Test worker] INFO  c.s.h.c.LessonSessionControllerTest - Starting LessonSessionControllerTest using Java 21.0.12 with PID 24184 (started by vamsh in C:\Users\vamsh\OneDrive\Desktop\SmartEducation\backend)
2026-09-01 11:36:51.413 [Test worker] DEBUG c.s.h.c.LessonSessionControllerTest - Running with Spring Boot v3.4.2, Spring v6.2.2
2026-09-01 11:36:51.413 [Test worker] INFO  c.s.h.c.LessonSessionControllerTest - The following 1 profile is active: "dev"
2026-09-01 11:36:52.447 [Test worker] WARN  o.s.b.a.s.s.UserDetailsServiceAutoConfiguration - 

Using generated security password: 18b10ca2-014d-4321-bb95-a21da6a7911b

This generated password is for development use only. Your security configuration must be updated before running your application in production.

2026-09-01 11:36:52.450 [Test worker] INFO  o.s.s.c.a.a.c.InitializeUserDetailsBeanManagerConfigurer$InitializeUserDetailsManagerConfigurer - Global AuthenticationManager configured with UserDetailsService bean with name inMemoryUserDetailsManager
2026-09-01 11:36:52.702 [Test worker] DEBUG c.s.h.s.JwtAuthenticationFilter - Filter 'jwtAuthenticationFilter' configured for use
2026-09-01 11:36:52.702 [Test worker] INFO  o.s.b.t.m.w.SpringBootMockServletContext - Initializing Spring TestDispatcherServlet ''
2026-09-01 11:36:52.702 [Test worker] INFO  o.s.t.w.s.TestDispatcherServlet - Initializing Servlet ''
2026-09-01 11:36:52.703 [Test worker] INFO  o.s.t.w.s.TestDispatcherServlet - Completed initialization in 1 ms
2026-09-01 11:36:52.718 [Test worker] INFO  c.s.h.c.LessonSessionControllerTest - Started LessonSessionControllerTest in 1.389 seconds (process running for 57.72)
2026-09-01 11:36:52.764 [Test worker] INFO  c.s.h.c.LessonSessionController - REST request to create lesson session: Balancing Chemical Equations
2026-09-01 11:36:52.803 [Test worker] INFO  c.s.h.c.LessonSessionController - REST request to complete lesson session ID: c47aae5b-60a3-457b-9b2a-4806b19e5177
]]></system-out>
  <system-err><![CDATA[]]></system-err>
</testsuite>
