<?xml version="1.0" encoding="UTF-8"?>
<testsuite name="com.scholaros.homework.service.LessonSessionServiceTest" tests="2" skipped="0" failures="0" errors="0" timestamp="2026-09-01T06:06:55.527Z" hostname="LAPTOP-34LGPI5U" time="0.12">
  <properties/>
  <testcase name="Should throw ResourceNotFoundException when curriculum not found" classname="com.scholaros.homework.service.LessonSessionServiceTest" time="0.104"/>
  <testcase name="Should create lesson session successfully" classname="com.scholaros.homework.service.LessonSessionServiceTest" time="0.013"/>
  <system-out><![CDATA[2026-09-01 11:36:55.632 [Test worker] INFO  c.s.h.s.LessonSessionServiceImpl - Creating lesson session for teacherId: null, sectionId: null, topicId: 85e07ea5-d978-42a4-85c2-6b4b34020183
2026-09-01 11:36:55.644 [Test worker] INFO  c.s.h.s.LessonSessionServiceImpl - Creating lesson session for teacherId: f8d4a2a0-7278-4f04-b3cf-fad86fd7f72b, sectionId: 89cf2f54-00e8-4bf5-afa5-a329630a96ff, topicId: 7fc5a009-9ffd-4360-b5d3-ea9424cbc6a2
2026-09-01 11:36:55.646 [Test worker] INFO  c.s.h.s.LessonSessionServiceImpl - Lesson session created successfully with ID: null
]]></system-out>
  <system-err><![CDATA[]]></system-err>
</testsuite>
