<?xml version="1.0" encoding="UTF-8"?>
<testsuite name="com.scholaros.homework.controller.LearningAnalysisControllerTest" tests="2" skipped="0" failures="0" errors="0" timestamp="2026-09-01T06:06:49.370Z" hostname="LAPTOP-34LGPI5U" time="1.904">
  <properties/>
  <testcase name="POST /api/v1/analysis/generate should generate AI learning analysis" classname="com.scholaros.homework.controller.LearningAnalysisControllerTest" time="0.063"/>
  <testcase name="GET /api/v1/recommendations/{attemptId} should return recommendation" classname="com.scholaros.homework.controller.LearningAnalysisControllerTest" time="0.027"/>
  <system-out><![CDATA[2026-09-01 11:36:49.373 [Test worker] INFO  o.s.t.c.s.AnnotationConfigContextLoaderUtils - Could not detect default configuration classes for test class [com.scholaros.homework.controller.LearningAnalysisControllerTest]: LearningAnalysisControllerTest does not declare any static, non-private, non-final, nested classes annotated with @Configuration.
2026-09-01 11:36:49.402 [Test worker] INFO  o.s.b.t.c.SpringBootTestContextBootstrapper - Found @SpringBootConfiguration com.scholaros.homework.ScholarosApplication for test class com.scholaros.homework.controller.LearningAnalysisControllerTest

  .   ____          _            __ _ _
 /\\ / ___'_ __ _ _(_)_ __  __ _ \ \ \ \
( ( )\___ | '_ | '_| | '_ \/ _` | \ \ \ \
 \\/  ___)| |_)| | | | | || (_| |  ) ) ) )
  '  |____| .__|_| |_|_| |_\__, | / / / /
 =========|_|==============|___/=/_/_/_/

 :: Spring Boot ::                (v3.4.2)

2026-09-01 11:36:49.527 [Test worker] INFO  c.s.h.c.LearningAnalysisControllerTest - Starting LearningAnalysisControllerTest using Java 21.0.12 with PID 24184 (started by vamsh in C:\Users\vamsh\OneDrive\Desktop\SmartEducation\backend)
2026-09-01 11:36:49.528 [Test worker] DEBUG c.s.h.c.LearningAnalysisControllerTest - Running with Spring Boot v3.4.2, Spring v6.2.2
2026-09-01 11:36:49.529 [Test worker] INFO  c.s.h.c.LearningAnalysisControllerTest - The following 1 profile is active: "dev"
2026-09-01 11:36:50.723 [Test worker] WARN  o.s.b.a.s.s.UserDetailsServiceAutoConfiguration - 

Using generated security password: e449f4e3-449a-4bad-8813-ca533eb4e2be

This generated password is for development use only. Your security configuration must be updated before running your application in production.

2026-09-01 11:36:50.726 [Test worker] INFO  o.s.s.c.a.a.c.InitializeUserDetailsBeanManagerConfigurer$InitializeUserDetailsManagerConfigurer - Global AuthenticationManager configured with UserDetailsService bean with name inMemoryUserDetailsManager
2026-09-01 11:36:51.161 [Test worker] DEBUG c.s.h.s.JwtAuthenticationFilter - Filter 'jwtAuthenticationFilter' configured for use
2026-09-01 11:36:51.162 [Test worker] INFO  o.s.b.t.m.w.SpringBootMockServletContext - Initializing Spring TestDispatcherServlet ''
2026-09-01 11:36:51.162 [Test worker] INFO  o.s.t.w.s.TestDispatcherServlet - Initializing Servlet ''
2026-09-01 11:36:51.163 [Test worker] INFO  o.s.t.w.s.TestDispatcherServlet - Completed initialization in 1 ms
2026-09-01 11:36:51.174 [Test worker] INFO  c.s.h.c.LearningAnalysisControllerTest - Started LearningAnalysisControllerTest in 1.762 seconds (process running for 56.177)
2026-09-01 11:36:51.218 [Test worker] INFO  c.s.h.c.LearningAnalysisController - REST request to generate AI analysis for attempt ID: 7bbd43db-0c4c-4c86-9484-40cf168a61de
2026-09-01 11:36:51.264 [Test worker] INFO  c.s.h.c.LearningAnalysisController - REST request to get homework recommendation for attempt ID: 047e25d0-b301-488b-8f3a-8b40cb8d8313
]]></system-out>
  <system-err><![CDATA[]]></system-err>
</testsuite>
