<?xml version="1.0" encoding="UTF-8"?>
<testsuite name="com.scholaros.homework.controller.BoardControllerTest" tests="4" skipped="0" failures="0" errors="0" timestamp="2026-09-01T06:06:40.139Z" hostname="LAPTOP-34LGPI5U" time="2.521">
  <properties/>
  <testcase name="DELETE /api/v1/boards/{id} should soft delete board" classname="com.scholaros.homework.controller.BoardControllerTest" time="0.052"/>
  <testcase name="POST /api/v1/boards should create board" classname="com.scholaros.homework.controller.BoardControllerTest" time="0.059"/>
  <testcase name="GET /api/v1/boards/{id} should return board" classname="com.scholaros.homework.controller.BoardControllerTest" time="0.016"/>
  <testcase name="GET /api/v1/boards should return page of boards" classname="com.scholaros.homework.controller.BoardControllerTest" time="0.08"/>
  <system-out><![CDATA[2026-09-01 11:36:40.146 [Test worker] INFO  o.s.t.c.s.AnnotationConfigContextLoaderUtils - Could not detect default configuration classes for test class [com.scholaros.homework.controller.BoardControllerTest]: BoardControllerTest does not declare any static, non-private, non-final, nested classes annotated with @Configuration.
2026-09-01 11:36:40.184 [Test worker] INFO  o.s.b.t.c.SpringBootTestContextBootstrapper - Found @SpringBootConfiguration com.scholaros.homework.ScholarosApplication for test class com.scholaros.homework.controller.BoardControllerTest

  .   ____          _            __ _ _
 /\\ / ___'_ __ _ _(_)_ __  __ _ \ \ \ \
( ( )\___ | '_ | '_| | '_ \/ _` | \ \ \ \
 \\/  ___)| |_)| | | | | || (_| |  ) ) ) )
  '  |____| .__|_| |_|_| |_\__, | / / / /
 =========|_|==============|___/=/_/_/_/

 :: Spring Boot ::                (v3.4.2)

2026-09-01 11:36:40.376 [Test worker] INFO  c.s.h.controller.BoardControllerTest - Starting BoardControllerTest using Java 21.0.12 with PID 24184 (started by vamsh in C:\Users\vamsh\OneDrive\Desktop\SmartEducation\backend)
2026-09-01 11:36:40.377 [Test worker] DEBUG c.s.h.controller.BoardControllerTest - Running with Spring Boot v3.4.2, Spring v6.2.2
2026-09-01 11:36:40.378 [Test worker] INFO  c.s.h.controller.BoardControllerTest - The following 1 profile is active: "dev"
2026-09-01 11:36:42.000 [Test worker] WARN  o.s.b.a.s.s.UserDetailsServiceAutoConfiguration - 

Using generated security password: 03fa0ef0-66a5-4af1-8386-bf926e7afb7a

This generated password is for development use only. Your security configuration must be updated before running your application in production.

2026-09-01 11:36:42.005 [Test worker] INFO  o.s.s.c.a.a.c.InitializeUserDetailsBeanManagerConfigurer$InitializeUserDetailsManagerConfigurer - Global AuthenticationManager configured with UserDetailsService bean with name inMemoryUserDetailsManager
2026-09-01 11:36:42.405 [Test worker] DEBUG c.s.h.s.JwtAuthenticationFilter - Filter 'jwtAuthenticationFilter' configured for use
2026-09-01 11:36:42.406 [Test worker] INFO  o.s.b.t.m.w.SpringBootMockServletContext - Initializing Spring TestDispatcherServlet ''
2026-09-01 11:36:42.408 [Test worker] INFO  o.s.t.w.s.TestDispatcherServlet - Initializing Servlet ''
2026-09-01 11:36:42.411 [Test worker] INFO  o.s.t.w.s.TestDispatcherServlet - Completed initialization in 2 ms
2026-09-01 11:36:42.436 [Test worker] INFO  c.s.h.controller.BoardControllerTest - Started BoardControllerTest in 2.243 seconds (process running for 47.438)
2026-09-01 11:36:42.481 [Test worker] INFO  c.s.h.controller.BoardController - REST request to delete board ID: dd83cdc5-6251-4641-b36a-c9f95ad13049
2026-09-01 11:36:42.546 [Test worker] INFO  c.s.h.controller.BoardController - REST request to create board: CBSE
2026-09-01 11:36:42.571 [Test worker] INFO  c.s.h.controller.BoardController - REST request to get board by ID: 2295a623-ad28-4157-9202-6301db6941a5
2026-09-01 11:36:42.631 [Test worker] INFO  c.s.h.controller.BoardController - REST request to list/search boards with query: null
]]></system-out>
  <system-err><![CDATA[]]></system-err>
</testsuite>
