<?xml version="1.0" encoding="UTF-8"?>
<testsuite name="com.scholaros.homework.controller.AnalyticsControllerTest" tests="3" skipped="0" failures="0" errors="0" timestamp="2026-09-01T06:06:25.563Z" hostname="LAPTOP-34LGPI5U" time="7.459">
  <properties/>
  <testcase name="GET /api/v1/analytics/student/{studentId} should return student dashboard" classname="com.scholaros.homework.controller.AnalyticsControllerTest" time="2.147"/>
  <testcase name="GET /api/v1/analytics/teacher/{teacherId} should return teacher insights" classname="com.scholaros.homework.controller.AnalyticsControllerTest" time="0.063"/>
  <testcase name="GET /api/v1/analytics/class should return class analytics" classname="com.scholaros.homework.controller.AnalyticsControllerTest" time="0.059"/>
  <system-out><![CDATA[2026-09-01 11:36:25.574 [Test worker] INFO  o.s.t.c.s.AnnotationConfigContextLoaderUtils - Could not detect default configuration classes for test class [com.scholaros.homework.controller.AnalyticsControllerTest]: AnalyticsControllerTest does not declare any static, non-private, non-final, nested classes annotated with @Configuration.
2026-09-01 11:36:25.787 [Test worker] INFO  o.s.b.t.c.SpringBootTestContextBootstrapper - Found @SpringBootConfiguration com.scholaros.homework.ScholarosApplication for test class com.scholaros.homework.controller.AnalyticsControllerTest

  .   ____          _            __ _ _
 /\\ / ___'_ __ _ _(_)_ __  __ _ \ \ \ \
( ( )\___ | '_ | '_| | '_ \/ _` | \ \ \ \
 \\/  ___)| |_)| | | | | || (_| |  ) ) ) )
  '  |____| .__|_| |_|_| |_\__, | / / / /
 =========|_|==============|___/=/_/_/_/

 :: Spring Boot ::                (v3.4.2)

2026-09-01 11:36:25.934 [Test worker] INFO  c.s.h.c.AnalyticsControllerTest - Starting AnalyticsControllerTest using Java 21.0.12 with PID 24184 (started by vamsh in C:\Users\vamsh\OneDrive\Desktop\SmartEducation\backend)
2026-09-01 11:36:25.937 [Test worker] DEBUG c.s.h.c.AnalyticsControllerTest - Running with Spring Boot v3.4.2, Spring v6.2.2
2026-09-01 11:36:25.938 [Test worker] INFO  c.s.h.c.AnalyticsControllerTest - The following 1 profile is active: "dev"
2026-09-01 11:36:28.336 [Test worker] WARN  o.s.b.a.s.s.UserDetailsServiceAutoConfiguration - 

Using generated security password: 622251eb-8297-43c4-8164-490689d86b53

This generated password is for development use only. Your security configuration must be updated before running your application in production.

2026-09-01 11:36:28.345 [Test worker] INFO  o.s.s.c.a.a.c.InitializeUserDetailsBeanManagerConfigurer$InitializeUserDetailsManagerConfigurer - Global AuthenticationManager configured with UserDetailsService bean with name inMemoryUserDetailsManager
2026-09-01 11:36:30.545 [Test worker] DEBUG c.s.h.s.JwtAuthenticationFilter - Filter 'jwtAuthenticationFilter' configured for use
2026-09-01 11:36:30.553 [Test worker] INFO  o.s.b.t.m.w.SpringBootMockServletContext - Initializing Spring TestDispatcherServlet ''
2026-09-01 11:36:30.554 [Test worker] INFO  o.s.t.w.s.TestDispatcherServlet - Initializing Servlet ''
2026-09-01 11:36:30.560 [Test worker] INFO  o.s.t.w.s.TestDispatcherServlet - Completed initialization in 5 ms
2026-09-01 11:36:30.696 [Test worker] INFO  c.s.h.c.AnalyticsControllerTest - Started AnalyticsControllerTest in 4.897 seconds (process running for 35.698)
2026-09-01 11:36:31.636 [Test worker] INFO  c.s.h.controller.AnalyticsController - REST request for student dashboard analytics for student ID: 7fd6afed-f3d2-478b-9d54-06fede23ddff
2026-09-01 11:36:32.926 [Test worker] INFO  c.s.h.controller.AnalyticsController - REST request for teacher insights for teacher ID: 247b7945-cdf7-4cad-a239-218d8597cd76
2026-09-01 11:36:32.995 [Test worker] INFO  c.s.h.controller.AnalyticsController - REST request for class analytics
]]></system-out>
  <system-err><![CDATA[]]></system-err>
</testsuite>
