<?xml version="1.0" encoding="UTF-8"?>
<testsuite name="com.scholaros.homework.ScholarosApplicationTests" tests="1" skipped="0" failures="0" errors="0" timestamp="2026-09-01T06:05:56.566Z" hostname="LAPTOP-34LGPI5U" time="28.981">
  <properties/>
  <testcase name="contextLoads()" classname="com.scholaros.homework.ScholarosApplicationTests" time="0.128"/>
  <system-out><![CDATA[11:35:56.853 [Test worker] INFO org.springframework.test.context.support.AnnotationConfigContextLoaderUtils -- Could not detect default configuration classes for test class [com.scholaros.homework.ScholarosApplicationTests]: ScholarosApplicationTests does not declare any static, non-private, non-final, nested classes annotated with @Configuration.
11:35:57.068 [Test worker] INFO org.springframework.boot.test.context.SpringBootTestContextBootstrapper -- Found @SpringBootConfiguration com.scholaros.homework.ScholarosApplication for test class com.scholaros.homework.ScholarosApplicationTests

  .   ____          _            __ _ _
 /\\ / ___'_ __ _ _(_)_ __  __ _ \ \ \ \
( ( )\___ | '_ | '_| | '_ \/ _` | \ \ \ \
 \\/  ___)| |_)| | | | | || (_| |  ) ) ) )
  '  |____| .__|_| |_|_| |_\__, | / / / /
 =========|_|==============|___/=/_/_/_/

 :: Spring Boot ::                (v3.4.2)

2026-09-01 11:35:57.877 [Test worker] INFO  c.s.h.ScholarosApplicationTests - Starting ScholarosApplicationTests using Java 21.0.12 with PID 24184 (started by vamsh in C:\Users\vamsh\OneDrive\Desktop\SmartEducation\backend)
2026-09-01 11:35:57.880 [Test worker] INFO  c.s.h.ScholarosApplicationTests - The following 1 profile is active: "test"
2026-09-01 11:36:16.723 [Test worker] WARN  o.s.b.a.s.s.UserDetailsServiceAutoConfiguration - 

Using generated security password: 09e85baf-921f-4f3d-a054-cace7c80265c

This generated password is for development use only. Your security configuration must be updated before running your application in production.

2026-09-01 11:36:16.969 [Test worker] INFO  o.s.s.c.a.a.c.InitializeUserDetailsBeanManagerConfigurer$InitializeUserDetailsManagerConfigurer - Global AuthenticationManager configured with UserDetailsService bean with name inMemoryUserDetailsManager
2026-09-01 11:36:20.931 [Test worker] INFO  o.s.b.a.e.web.EndpointLinksResolver - Exposing 2 endpoints beneath base path '/actuator'
2026-09-01 11:36:25.029 [Test worker] INFO  c.s.h.ScholarosApplicationTests - Started ScholarosApplicationTests in 27.717 seconds (process running for 30.03)
]]></system-out>
  <system-err><![CDATA[Mockito is currently self-attaching to enable the inline-mock-maker. This will no longer work in future releases of the JDK. Please add Mockito as an agent to your build what is described in Mockito's documentation: https://javadoc.io/doc/org.mockito/mockito-core/latest/org/mockito/Mockito.html#0.3
WARNING: A Java agent has been loaded dynamically (C:\Users\vamsh\.gradle\caches\modules-2\files-2.1\net.bytebuddy\byte-buddy-agent\1.15.11\a38b16385e867f59a641330f0362ebe742788ed8\byte-buddy-agent-1.15.11.jar)
WARNING: If a serviceability tool is in use, please run with -XX:+EnableDynamicAgentLoading to hide this warning
WARNING: If a serviceability tool is not in use, please run with -Djdk.instrument.traceUsage for more information
WARNING: Dynamic loading of agents will be disallowed by default in a future release
]]></system-err>
</testsuite>
