<?xml version="1.0" encoding="UTF-8"?>
<testsuite name="com.scholaros.homework.controller.ChapterControllerTest" tests="1" skipped="0" failures="0" errors="0" timestamp="2026-09-01T06:06:42.666Z" hostname="LAPTOP-34LGPI5U" time="1.753">
  <properties/>
  <testcase name="POST /api/v1/chapters should create chapter" classname="com.scholaros.homework.controller.ChapterControllerTest" time="0.079"/>
  <system-out><![CDATA[2026-09-01 11:36:42.672 [Test worker] INFO  o.s.t.c.s.AnnotationConfigContextLoaderUtils - Could not detect default configuration classes for test class [com.scholaros.homework.controller.ChapterControllerTest]: ChapterControllerTest does not declare any static, non-private, non-final, nested classes annotated with @Configuration.
2026-09-01 11:36:42.701 [Test worker] INFO  o.s.b.t.c.SpringBootTestContextBootstrapper - Found @SpringBootConfiguration com.scholaros.homework.ScholarosApplication for test class com.scholaros.homework.controller.ChapterControllerTest

  .   ____          _            __ _ _
 /\\ / ___'_ __ _ _(_)_ __  __ _ \ \ \ \
( ( )\___ | '_ | '_| | '_ \/ _` | \ \ \ \
 \\/  ___)| |_)| | | | | || (_| |  ) ) ) )
  '  |____| .__|_| |_|_| |_\__, | / / / /
 =========|_|==============|___/=/_/_/_/

 :: Spring Boot ::                (v3.4.2)

2026-09-01 11:36:42.834 [Test worker] INFO  c.s.h.c.ChapterControllerTest - Starting ChapterControllerTest using Java 21.0.12 with PID 24184 (started by vamsh in C:\Users\vamsh\OneDrive\Desktop\SmartEducation\backend)
2026-09-01 11:36:42.834 [Test worker] DEBUG c.s.h.c.ChapterControllerTest - Running with Spring Boot v3.4.2, Spring v6.2.2
2026-09-01 11:36:42.834 [Test worker] INFO  c.s.h.c.ChapterControllerTest - The following 1 profile is active: "dev"
2026-09-01 11:36:43.992 [Test worker] WARN  o.s.b.a.s.s.UserDetailsServiceAutoConfiguration - 

Using generated security password: c2f5b7f8-947c-402e-ab01-4301c7779861

This generated password is for development use only. Your security configuration must be updated before running your application in production.

2026-09-01 11:36:43.996 [Test worker] INFO  o.s.s.c.a.a.c.InitializeUserDetailsBeanManagerConfigurer$InitializeUserDetailsManagerConfigurer - Global AuthenticationManager configured with UserDetailsService bean with name inMemoryUserDetailsManager
2026-09-01 11:36:44.316 [Test worker] DEBUG c.s.h.s.JwtAuthenticationFilter - Filter 'jwtAuthenticationFilter' configured for use
2026-09-01 11:36:44.316 [Test worker] INFO  o.s.b.t.m.w.SpringBootMockServletContext - Initializing Spring TestDispatcherServlet ''
2026-09-01 11:36:44.316 [Test worker] INFO  o.s.t.w.s.TestDispatcherServlet - Initializing Servlet ''
2026-09-01 11:36:44.318 [Test worker] INFO  o.s.t.w.s.TestDispatcherServlet - Completed initialization in 1 ms
2026-09-01 11:36:44.335 [Test worker] INFO  c.s.h.c.ChapterControllerTest - Started ChapterControllerTest in 1.627 seconds (process running for 49.337)
2026-09-01 11:36:44.393 [Test worker] INFO  c.s.h.controller.ChapterController - REST request to create chapter for curriculumId: 7cf06963-e5d9-4f1a-8165-0640a3158c5a
]]></system-out>
  <system-err><![CDATA[]]></system-err>
</testsuite>
