<?xml version="1.0" encoding="UTF-8"?>
<testsuite name="com.scholaros.homework.controller.QuestionControllerTest" tests="1" skipped="0" failures="0" errors="0" timestamp="2026-09-01T06:06:52.815Z" hostname="LAPTOP-34LGPI5U" time="1.368">
  <properties/>
  <testcase name="POST /api/v1/questions should create question" classname="com.scholaros.homework.controller.QuestionControllerTest" time="0.083"/>
  <system-out><![CDATA[2026-09-01 11:36:52.819 [Test worker] INFO  o.s.t.c.s.AnnotationConfigContextLoaderUtils - Could not detect default configuration classes for test class [com.scholaros.homework.controller.QuestionControllerTest]: QuestionControllerTest does not declare any static, non-private, non-final, nested classes annotated with @Configuration.
2026-09-01 11:36:52.836 [Test worker] INFO  o.s.b.t.c.SpringBootTestContextBootstrapper - Found @SpringBootConfiguration com.scholaros.homework.ScholarosApplication for test class com.scholaros.homework.controller.QuestionControllerTest

  .   ____          _            __ _ _
 /\\ / ___'_ __ _ _(_)_ __  __ _ \ \ \ \
( ( )\___ | '_ | '_| | '_ \/ _` | \ \ \ \
 \\/  ___)| |_)| | | | | || (_| |  ) ) ) )
  '  |____| .__|_| |_|_| |_\__, | / / / /
 =========|_|==============|___/=/_/_/_/

 :: Spring Boot ::                (v3.4.2)

2026-09-01 11:36:52.915 [Test worker] INFO  c.s.h.c.QuestionControllerTest - Starting QuestionControllerTest using Java 21.0.12 with PID 24184 (started by vamsh in C:\Users\vamsh\OneDrive\Desktop\SmartEducation\backend)
2026-09-01 11:36:52.916 [Test worker] DEBUG c.s.h.c.QuestionControllerTest - Running with Spring Boot v3.4.2, Spring v6.2.2
2026-09-01 11:36:52.916 [Test worker] INFO  c.s.h.c.QuestionControllerTest - The following 1 profile is active: "dev"
2026-09-01 11:36:53.853 [Test worker] WARN  o.s.b.a.s.s.UserDetailsServiceAutoConfiguration - 

Using generated security password: 49f2f3de-0ef1-4f5b-9e46-cce0f4ec6b4d

This generated password is for development use only. Your security configuration must be updated before running your application in production.

2026-09-01 11:36:53.857 [Test worker] INFO  o.s.s.c.a.a.c.InitializeUserDetailsBeanManagerConfigurer$InitializeUserDetailsManagerConfigurer - Global AuthenticationManager configured with UserDetailsService bean with name inMemoryUserDetailsManager
2026-09-01 11:36:54.079 [Test worker] DEBUG c.s.h.s.JwtAuthenticationFilter - Filter 'jwtAuthenticationFilter' configured for use
2026-09-01 11:36:54.080 [Test worker] INFO  o.s.b.t.m.w.SpringBootMockServletContext - Initializing Spring TestDispatcherServlet ''
2026-09-01 11:36:54.080 [Test worker] INFO  o.s.t.w.s.TestDispatcherServlet - Initializing Servlet ''
2026-09-01 11:36:54.081 [Test worker] INFO  o.s.t.w.s.TestDispatcherServlet - Completed initialization in 1 ms
2026-09-01 11:36:54.096 [Test worker] INFO  c.s.h.c.QuestionControllerTest - Started QuestionControllerTest in 1.253 seconds (process running for 59.099)
2026-09-01 11:36:54.168 [Test worker] INFO  c.s.h.controller.QuestionController - REST request to create question for assessment ID: 31f7a50b-7565-4709-91a8-84ae45e71bd2
]]></system-out>
  <system-err><![CDATA[]]></system-err>
</testsuite>
