<?xml version="1.0" encoding="UTF-8"?>
<testsuite name="com.scholaros.homework.controller.TopicControllerTest" tests="1" skipped="0" failures="0" errors="0" timestamp="2026-09-01T06:06:54.187Z" hostname="LAPTOP-34LGPI5U" time="0.957">
  <properties/>
  <testcase name="POST /api/v1/topics should create topic" classname="com.scholaros.homework.controller.TopicControllerTest" time="0.05"/>
  <system-out><![CDATA[2026-09-01 11:36:54.188 [Test worker] INFO  o.s.t.c.s.AnnotationConfigContextLoaderUtils - Could not detect default configuration classes for test class [com.scholaros.homework.controller.TopicControllerTest]: TopicControllerTest does not declare any static, non-private, non-final, nested classes annotated with @Configuration.
2026-09-01 11:36:54.199 [Test worker] INFO  o.s.b.t.c.SpringBootTestContextBootstrapper - Found @SpringBootConfiguration com.scholaros.homework.ScholarosApplication for test class com.scholaros.homework.controller.TopicControllerTest

  .   ____          _            __ _ _
 /\\ / ___'_ __ _ _(_)_ __  __ _ \ \ \ \
( ( )\___ | '_ | '_| | '_ \/ _` | \ \ \ \
 \\/  ___)| |_)| | | | | || (_| |  ) ) ) )
  '  |____| .__|_| |_|_| |_\__, | / / / /
 =========|_|==============|___/=/_/_/_/

 :: Spring Boot ::                (v3.4.2)

2026-09-01 11:36:54.265 [Test worker] INFO  c.s.h.controller.TopicControllerTest - Starting TopicControllerTest using Java 21.0.12 with PID 24184 (started by vamsh in C:\Users\vamsh\OneDrive\Desktop\SmartEducation\backend)
2026-09-01 11:36:54.265 [Test worker] DEBUG c.s.h.controller.TopicControllerTest - Running with Spring Boot v3.4.2, Spring v6.2.2
2026-09-01 11:36:54.265 [Test worker] INFO  c.s.h.controller.TopicControllerTest - The following 1 profile is active: "dev"
2026-09-01 11:36:54.832 [Test worker] WARN  o.s.b.a.s.s.UserDetailsServiceAutoConfiguration - 

Using generated security password: c0d5bbd8-840f-4cb7-baa1-59862ea4a77d

This generated password is for development use only. Your security configuration must be updated before running your application in production.

2026-09-01 11:36:54.835 [Test worker] INFO  o.s.s.c.a.a.c.InitializeUserDetailsBeanManagerConfigurer$InitializeUserDetailsManagerConfigurer - Global AuthenticationManager configured with UserDetailsService bean with name inMemoryUserDetailsManager
2026-09-01 11:36:55.074 [Test worker] DEBUG c.s.h.s.JwtAuthenticationFilter - Filter 'jwtAuthenticationFilter' configured for use
2026-09-01 11:36:55.075 [Test worker] INFO  o.s.b.t.m.w.SpringBootMockServletContext - Initializing Spring TestDispatcherServlet ''
2026-09-01 11:36:55.075 [Test worker] INFO  o.s.t.w.s.TestDispatcherServlet - Initializing Servlet ''
2026-09-01 11:36:55.076 [Test worker] INFO  o.s.t.w.s.TestDispatcherServlet - Completed initialization in 1 ms
2026-09-01 11:36:55.090 [Test worker] INFO  c.s.h.controller.TopicControllerTest - Started TopicControllerTest in 0.883 seconds (process running for 60.092)
2026-09-01 11:36:55.128 [Test worker] INFO  c.s.h.controller.TopicController - REST request to create topic for chapterId: 05d3120d-7d09-43c2-9734-fd7a16a5bae0
]]></system-out>
  <system-err><![CDATA[]]></system-err>
</testsuite>
