<?xml version="1.0" encoding="UTF-8"?>
<testsuite name="com.scholaros.homework.controller.AssessmentControllerTest" tests="2" skipped="0" failures="0" errors="0" timestamp="2026-09-01T06:06:36.856Z" hostname="LAPTOP-34LGPI5U" time="3.277">
  <properties/>
  <testcase name="PATCH /api/v1/assessments/{id}/publish should publish assessment" classname="com.scholaros.homework.controller.AssessmentControllerTest" time="0.078"/>
  <testcase name="POST /api/v1/assessments should create assessment" classname="com.scholaros.homework.controller.AssessmentControllerTest" time="0.191"/>
  <system-out><![CDATA[2026-09-01 11:36:36.861 [Test worker] INFO  o.s.t.c.s.AnnotationConfigContextLoaderUtils - Could not detect default configuration classes for test class [com.scholaros.homework.controller.AssessmentControllerTest]: AssessmentControllerTest does not declare any static, non-private, non-final, nested classes annotated with @Configuration.
2026-09-01 11:36:36.908 [Test worker] INFO  o.s.b.t.c.SpringBootTestContextBootstrapper - Found @SpringBootConfiguration com.scholaros.homework.ScholarosApplication for test class com.scholaros.homework.controller.AssessmentControllerTest

  .   ____          _            __ _ _
 /\\ / ___'_ __ _ _(_)_ __  __ _ \ \ \ \
( ( )\___ | '_ | '_| | '_ \/ _` | \ \ \ \
 \\/  ___)| |_)| | | | | || (_| |  ) ) ) )
  '  |____| .__|_| |_|_| |_\__, | / / / /
 =========|_|==============|___/=/_/_/_/

 :: Spring Boot ::                (v3.4.2)

2026-09-01 11:36:37.128 [Test worker] INFO  c.s.h.c.AssessmentControllerTest - Starting AssessmentControllerTest using Java 21.0.12 with PID 24184 (started by vamsh in C:\Users\vamsh\OneDrive\Desktop\SmartEducation\backend)
2026-09-01 11:36:37.129 [Test worker] DEBUG c.s.h.c.AssessmentControllerTest - Running with Spring Boot v3.4.2, Spring v6.2.2
2026-09-01 11:36:37.131 [Test worker] INFO  c.s.h.c.AssessmentControllerTest - The following 1 profile is active: "dev"
2026-09-01 11:36:39.223 [Test worker] WARN  o.s.b.a.s.s.UserDetailsServiceAutoConfiguration - 

Using generated security password: 62925c06-d716-4560-a07d-8b963451b4d8

This generated password is for development use only. Your security configuration must be updated before running your application in production.

2026-09-01 11:36:39.229 [Test worker] INFO  o.s.s.c.a.a.c.InitializeUserDetailsBeanManagerConfigurer$InitializeUserDetailsManagerConfigurer - Global AuthenticationManager configured with UserDetailsService bean with name inMemoryUserDetailsManager
2026-09-01 11:36:39.831 [Test worker] DEBUG c.s.h.s.JwtAuthenticationFilter - Filter 'jwtAuthenticationFilter' configured for use
2026-09-01 11:36:39.832 [Test worker] INFO  o.s.b.t.m.w.SpringBootMockServletContext - Initializing Spring TestDispatcherServlet ''
2026-09-01 11:36:39.833 [Test worker] INFO  o.s.t.w.s.TestDispatcherServlet - Initializing Servlet ''
2026-09-01 11:36:39.835 [Test worker] INFO  o.s.t.w.s.TestDispatcherServlet - Completed initialization in 2 ms
2026-09-01 11:36:39.852 [Test worker] INFO  c.s.h.c.AssessmentControllerTest - Started AssessmentControllerTest in 2.915 seconds (process running for 44.855)
2026-09-01 11:36:39.893 [Test worker] INFO  c.s.h.c.AssessmentController - REST request to publish assessment ID: a5dab458-62d2-431e-9775-4f98fa2e3f8b
2026-09-01 11:36:40.121 [Test worker] INFO  c.s.h.c.AssessmentController - REST request to create assessment: Chemical Reactions Practice
]]></system-out>
  <system-err><![CDATA[]]></system-err>
</testsuite>
